#
# A fatal error has been detected by the Java Runtime Environment:
#
#  SIGBUS (0xa) at pc=0x000000010dcc63b0, pid=35608, tid=0x0000000000006c6b
#
# JRE version: OpenJDK Runtime Environment (8.0_292-b10) (build 1.8.0_292-b10)
# Java VM: OpenJDK 64-Bit Server VM (25.292-b10 mixed mode bsd-amd64 compressed oops)
# Problematic frame:
# v  ~StubRoutines::jlong_disjoint_arraycopy
#
# Failed to write core dump. Core dumps have been disabled. To enable core dumping, try "ulimit -c unlimited" before starting Java again
#
# If you would like to submit a bug report, please visit:
#   https://github.com/AdoptOpenJDK/openjdk-support/issues
#

---------------  T H R E A D  ---------------

Current thread (0x00007fe20a56d000):  JavaThread "qtp1233213844-17" [_thread_in_Java, id=27755, stack(0x000000030a698000,0x000000030a798000)]

siginfo: si_signo: 10 (SIGBUS), si_code: 2 (BUS_ADRERR), si_addr: 0x000000012fb19000

Registers:
RAX=0x000000012fb21000, RBX=0x0000000000008000, RCX=0x00000007b20cb100, RDX=0xfffffffffffff004
RSP=0x000000030a794cc0, RBP=0x000000030a794cc0, RSI=0x00000007b20c3108, RDI=0x000000012fb20ff8
R8 =0x0000000000000000, R9 =0x0000000000000000, R10=0x000000010dcc6940, R11=0x00000007b20c30f8
R12=0x0000000000000000, R13=0x0000000000000000, R14=0x00000007a1c6e8b8, R15=0x00007fe20a56d000
RIP=0x000000010dcc63b0, EFLAGS=0x0000000000000283, ERR=0x0000000000000004
  TRAPNO=0x000000000000000e

Top of Stack: (sp=0x000000030a794cc0)
0x000000030a794cc0:   00000000f641861f 00000001109ffebc
0x000000030a794cd0:   0000000000000000 0000800000000000
0x000000030a794ce0:   0000800000008000 00000007b20bbdc0
0x000000030a794cf0:   0000000000000000 00000007b2537df0
0x000000030a794d00:   0000000127437e08 00000007a1c6e8b8
0x000000030a794d10:   000000030a794d40 00000007a1c6e8b8
0x000000030a794d20:   00000007a1c596c8 036b35c5026db5c5
0x000000030a794d30:   0000000300fd8000 000000010f7b0eb4
0x000000030a794d40:   000000030a795318 000000011039314c
0x000000030a794d50:   00000007a4be2f48 00000007a4be32f8
0x000000030a794d60:   00000007a1c6e818 00000007b20c30f8
0x000000030a794d70:   00007fe20a56d000 00000007b20bbe08
0x000000030a794d80:   000000030a795318 00000001109550ec
0x000000030a794d90:   026db5c500008000 00000007b20bbdc0
0x000000030a794da0:   00000007a1c596c8 00000007a1c6e8b8
0x000000030a794db0:   0000800000008000 00000007b2537e28
0x000000030a794dc0:   0000000000000000 00000007a1c598e8
0x000000030a794dd0:   0000000000000000 00000007b20bbe08
0x000000030a794de0:   00000007b2537e28 00000007c091d938
0x000000030a794df0:   000000030a795318 00000001109638e4
0x000000030a794e00:   ffffffffffffffff 0000000129b62378
0x000000030a794e10:   00000000f77ad3fc 132bc43057bd4f7b
0x000000030a794e20:   705233596c4e3163 00000000ffffffff
0x000000030a794e30:   00000000ffffffff 00000000ffffffff
0x000000030a794e40:   0000000000000000 00000000ffffffff
0x000000030a794e50:   0000000000000000 0000000000000000
0x000000030a794e60:   0000000000000000 0000000000000000
0x000000030a794e70:   0000000000000000 00007fe20a56d000
0x000000030a794e80:   00000001288abb50 00007fe20a56d000
0x000000030a794e90:   00000001288abb50 00000007a1c598e8
0x000000030a794ea0:   0000000000000100 00000007a1c493d0
0x000000030a794eb0:   00000007a4be2e58 00000007b20bbe08 

Instructions: (pc=0x000000010dcc63b0)
0x000000010dcc6390:   da e9 40 00 00 00 48 8b 44 d7 08 48 89 44 d1 08
0x000000010dcc63a0:   48 ff c2 75 f1 48 33 c0 c9 c3 66 0f 1f 44 00 00
0x000000010dcc63b0:   48 8b 44 d7 e8 48 89 44 d1 e8 48 8b 44 d7 f0 48
0x000000010dcc63c0:   89 44 d1 f0 48 8b 44 d7 f8 48 89 44 d1 f8 48 8b 

Register to memory mapping:

RAX=0x000000012fb21000 is an unknown value
RBX=0x0000000000008000 is an unknown value
RCX=0x00000007b20cb100 is an oop
